TN:
SF:src/App.tsx
FN:10,App
FN:22,onUploadClick
FN:47,onClose
FNF:3
FNH:1
FNDA:5,App
FNDA:0,onUploadClick
FNDA:0,onClose
DA:1,1
DA:2,1
DA:3,1
DA:4,1
DA:5,1
DA:6,1
DA:7,1
DA:8,1
DA:9,1
DA:10,1
DA:11,5
DA:12,5
DA:13,5
DA:14,5
DA:15,5
DA:16,5
DA:17,5
DA:18,5
DA:19,5
DA:20,5
DA:21,5
DA:22,3
DA:23,5
DA:24,5
DA:25,5
DA:26,3
DA:27,1
DA:28,1
DA:29,1
DA:30,2
DA:31,1
DA:32,1
DA:33,1
DA:34,1
DA:35,1
DA:36,5
DA:37,5
DA:38,5
DA:39,5
DA:40,5
DA:41,5
DA:42,5
DA:43,5
DA:44,5
DA:45,0
DA:46,0
DA:47,0
DA:48,0
DA:49,5
DA:50,5
DA:51,5
DA:52,5
LF:52
LH:48
BRDA:10,0,0,5
BRDA:21,1,0,4
BRDA:21,2,0,3
BRDA:25,3,0,3
BRDA:26,4,0,1
BRDA:29,5,0,2
BRDA:30,6,0,1
BRDA:33,7,0,1
BRDA:44,8,0,0
BRDA:15,9,0,5
BRF:10
BRH:9
end_of_record
TN:
SF:src/components/DuplicateAlert.tsx
FN:10,DuplicateAlert
FN:19,onClick
FNF:2
FNH:2
FNDA:3,DuplicateAlert
FNDA:1,onClick
DA:1,1
DA:2,1
DA:3,1
DA:4,1
DA:5,1
DA:6,1
DA:7,1
DA:8,1
DA:9,1
DA:10,1
DA:11,3
DA:12,3
DA:13,3
DA:14,3
DA:15,3
DA:16,3
DA:17,3
DA:18,3
DA:19,3
DA:20,3
DA:21,3
DA:22,3
DA:23,3
DA:24,3
DA:25,3
DA:26,3
DA:27,3
DA:28,3
DA:29,3
DA:30,3
DA:31,3
DA:32,3
DA:33,3
DA:34,3
DA:35,3
DA:36,3
DA:37,3
DA:38,3
DA:39,3
DA:40,3
DA:41,3
DA:42,3
DA:43,3
DA:44,3
DA:45,3
DA:46,3
DA:47,3
DA:48,3
DA:49,3
DA:50,3
DA:51,3
DA:52,3
DA:53,3
LF:53
LH:53
BRDA:10,0,0,3
BRDA:19,1,0,1
BRF:2
BRH:2
end_of_record
TN:
SF:src/components/auth/ResetPasswordForm.tsx
FN:6,ResetPasswordForm
FN:14,handleSubmit
FN:83,onChange
FN:100,onChange
FNF:4
FNH:4
FNDA:24,ResetPasswordForm
FNDA:5,handleSubmit
FNDA:5,onChange
FNDA:5,onChange
DA:1,1
DA:2,1
DA:3,1
DA:4,1
DA:5,1
DA:6,1
DA:7,24
DA:8,24
DA:9,24
DA:10,24
DA:11,24
DA:12,24
DA:13,24
DA:14,24
DA:15,5
DA:16,5
DA:17,5
DA:18,5
DA:19,5
DA:20,5
DA:21,1
DA:22,1
DA:23,4
DA:24,5
DA:25,1
DA:26,1
DA:27,3
DA:28,3
DA:29,3
DA:30,3
DA:31,2
DA:32,5
DA:33,1
DA:34,1
DA:35,1
DA:36,1
DA:37,1
DA:38,5
DA:39,3
DA:40,5
DA:41,4
DA:42,4
DA:43,5
DA:44,24
DA:45,24
DA:46,1
DA:47,1
DA:48,1
DA:49,1
DA:50,1
DA:51,1
DA:52,1
DA:53,1
DA:54,1
DA:55,1
DA:56,1
DA:57,1
DA:58,1
DA:59,1
DA:60,1
DA:61,1
DA:62,22
DA:63,22
DA:64,22
DA:65,22
DA:66,22
DA:67,22
DA:68,22
DA:69,22
DA:70,22
DA:71,22
DA:72,22
DA:73,22
DA:74,22
DA:75,22
DA:76,22
DA:77,22
DA:78,22
DA:79,22
DA:80,22
DA:81,22
DA:82,22
DA:83,22
DA:84,22
DA:85,22
DA:86,22
DA:87,22
DA:88,22
DA:89,22
DA:90,22
DA:91,22
DA:92,22
DA:93,22
DA:94,22
DA:95,22
DA:96,22
DA:97,22
DA:98,22
DA:99,22
DA:100,22
DA:101,22
DA:102,22
DA:103,22
DA:104,22
DA:105,22
DA:106,22
DA:107,22
DA:108,22
DA:109,22
DA:110,3
DA:111,24
DA:112,24
DA:113,24
DA:114,24
DA:115,24
DA:116,24
DA:117,24
DA:118,24
DA:119,24
DA:120,24
DA:121,24
DA:122,24
DA:123,24
DA:124,24
LF:124
LH:124
BRDA:6,0,0,24
BRDA:45,1,0,1
BRDA:61,2,0,22
BRDA:109,3,0,3
BRDA:118,4,0,3
BRDA:118,5,0,19
BRDA:14,6,0,5
BRDA:20,7,0,1
BRDA:22,8,0,4
BRDA:24,9,0,1
BRDA:26,10,0,3
BRDA:30,11,0,2
BRDA:32,12,0,1
BRDA:38,13,0,3
BRDA:39,14,0,0
BRDA:40,15,0,4
BRDA:35,16,0,1
BRDA:83,17,0,5
BRDA:100,18,0,5
BRF:19
BRH:18
end_of_record
TN:
SF:src/components/profile/ProfilePage.tsx
FN:7,ProfilePage
FN:23,handleSubmit
FN:91,onChange
FNF:3
FNH:3
FNDA:12,ProfilePage
FNDA:2,handleSubmit
FNDA:2,onChange
DA:1,1
DA:2,1
DA:3,1
DA:4,1
DA:5,1
DA:6,1
DA:7,1
DA:8,12
DA:9,12
DA:10,12
DA:11,12
DA:12,12
DA:13,12
DA:14,12
DA:15,4
DA:16,1
DA:17,1
DA:18,1
DA:19,3
DA:20,4
DA:21,12
DA:22,12
DA:23,12
DA:24,2
DA:25,2
DA:26,2
DA:27,2
DA:28,2
DA:29,2
DA:30,2
DA:31,2
DA:32,2
DA:33,1
DA:34,2
DA:35,1
DA:36,1
DA:37,1
DA:38,1
DA:39,1
DA:40,0
DA:41,0
DA:42,0
DA:43,0
DA:44,0
DA:45,1
DA:46,1
DA:47,1
DA:48,1
DA:49,1
DA:50,1
DA:51,2
DA:52,12
DA:53,12
DA:54,11
DA:55,11
DA:56,11
DA:57,11
DA:58,11
DA:59,11
DA:60,11
DA:61,11
DA:62,11
DA:63,11
DA:64,11
DA:65,11
DA:66,11
DA:67,11
DA:68,11
DA:69,11
DA:70,11
DA:71,11
DA:72,11
DA:73,11
DA:74,11
DA:75,11
DA:76,11
DA:77,11
DA:78,11
DA:79,11
DA:80,11
DA:81,11
DA:82,11
DA:83,11
DA:84,11
DA:85,11
DA:86,11
DA:87,11
DA:88,11
DA:89,11
DA:90,11
DA:91,11
DA:92,11
DA:93,11
DA:94,11
DA:95,11
DA:96,11
DA:97,11
DA:98,11
DA:99,11
DA:100,11
DA:101,11
DA:102,1
DA:103,1
DA:104,1
DA:105,12
DA:106,12
DA:107,12
DA:108,12
DA:109,12
DA:110,12
DA:111,12
DA:112,12
DA:113,2
DA:114,2
DA:115,2
DA:116,2
DA:117,9
DA:118,9
DA:119,12
DA:120,12
DA:121,12
DA:122,12
DA:123,12
DA:124,12
DA:125,12
LF:125
LH:120
BRDA:7,0,0,12
BRDA:53,1,0,1
BRDA:53,2,0,11
BRDA:101,3,0,1
BRDA:112,4,0,2
BRDA:116,5,0,9
BRDA:14,6,0,4
BRDA:15,7,0,1
BRDA:18,8,0,3
BRDA:20,9,0,0
BRDA:23,10,0,2
BRDA:32,11,0,1
BRDA:34,12,0,0
BRDA:34,13,0,1
BRDA:47,14,0,0
BRDA:91,15,0,2
BRF:16
BRH:13
end_of_record
TN:
SF:src/services/storage.ts
FN:10,StorageError
FN:16,uploadMeme
FN:58,fetchMemes
FNF:3
FNH:3
FNDA:2,StorageError
FNDA:2,uploadMeme
FNDA:3,fetchMemes
DA:1,1
DA:2,1
DA:3,1
DA:4,1
DA:5,1
DA:6,1
DA:7,1
DA:8,1
DA:9,1
DA:10,1
DA:11,2
DA:12,2
DA:13,2
DA:14,1
DA:15,1
DA:16,2
DA:17,2
DA:18,2
DA:19,2
DA:20,2
DA:21,2
DA:22,2
DA:23,2
DA:24,2
DA:25,0
DA:26,0
DA:27,0
DA:28,2
DA:29,2
DA:30,0
DA:31,0
DA:32,2
DA:33,2
DA:34,1
DA:35,1
DA:36,1
DA:37,1
DA:38,1
DA:39,1
DA:40,1
DA:41,1
DA:42,1
DA:43,1
DA:44,1
DA:45,1
DA:46,1
DA:47,1
DA:48,1
DA:49,1
DA:50,1
DA:51,1
DA:52,0
DA:53,1
DA:54,1
DA:55,1
DA:56,2
DA:57,1
DA:58,3
DA:59,3
DA:60,3
DA:61,3
DA:62,1
DA:63,1
DA:64,1
DA:65,1
DA:66,1
DA:67,3
LF:67
LH:61
BRDA:10,0,0,2
BRDA:16,1,0,2
BRDA:24,2,0,0
BRDA:29,3,0,0
BRDA:33,4,0,1
BRDA:51,5,0,0
BRDA:53,6,0,0
BRDA:58,7,0,3
BRDA:61,8,0,1
BRDA:64,9,0,0
BRF:10
BRH:5
end_of_record
TN:
SF:src/services/api/memeApi.ts
FN:6,MemeApiError
FN:19,createMeme
FN:59,fetchMemesFromApi
FNF:3
FNH:3
FNDA:1,MemeApiError
FNDA:1,createMeme
FNDA:3,fetchMemesFromApi
DA:1,1
DA:2,1
DA:3,1
DA:4,1
DA:5,1
DA:6,1
DA:7,1
DA:8,1
DA:9,1
DA:10,1
DA:11,1
DA:12,1
DA:13,1
DA:14,1
DA:15,1
DA:16,1
DA:17,1
DA:18,1
DA:19,1
DA:20,1
DA:21,1
DA:22,1
DA:23,1
DA:24,1
DA:25,1
DA:26,1
DA:27,1
DA:28,1
DA:29,1
DA:30,1
DA:31,1
DA:32,1
DA:33,1
DA:34,0
DA:35,0
DA:36,0
DA:37,1
DA:38,1
DA:39,0
DA:40,0
DA:41,1
DA:42,1
DA:43,1
DA:44,1
DA:45,1
DA:46,1
DA:47,1
DA:48,1
DA:49,1
DA:50,1
DA:51,0
DA:52,0
DA:53,0
DA:54,0
DA:55,0
DA:56,0
DA:57,1
DA:58,1
DA:59,3
DA:60,3
DA:61,3
DA:62,3
DA:63,3
DA:64,3
DA:65,3
DA:66,3
DA:67,1
DA:68,1
DA:69,1
DA:70,2
DA:71,3
DA:72,0
DA:73,0
DA:74,2
DA:75,2
DA:76,1
DA:77,1
DA:78,1
DA:79,1
DA:80,1
DA:81,1
DA:82,2
DA:83,3
DA:84,1
DA:85,1
DA:86,1
DA:87,3
LF:87
LH:74
BRDA:6,0,0,1
BRDA:19,1,0,1
BRDA:33,2,0,0
BRDA:38,3,0,0
BRDA:46,4,0,0
BRDA:50,5,0,0
BRDA:59,6,0,3
BRDA:66,7,0,1
BRDA:69,8,0,2
BRDA:71,9,0,0
BRDA:73,10,0,2
BRDA:83,11,0,1
BRDA:85,12,0,0
BRDA:75,13,0,1
BRDA:79,14,0,0
BRF:15
BRH:8
end_of_record
TN:
SF:src/services/api/uploadApi.ts
FN:9,uploadFileToStorage
FNF:1
FNH:1
FNDA:1,uploadFileToStorage
DA:1,1
DA:2,1
DA:3,1
DA:4,1
DA:5,1
DA:6,1
DA:7,1
DA:8,1
DA:9,1
DA:10,1
DA:11,1
DA:12,1
DA:13,1
DA:14,1
DA:15,1
DA:16,1
DA:17,1
DA:18,1
DA:19,1
DA:20,1
DA:21,1
DA:22,1
DA:23,1
DA:24,1
DA:25,1
DA:26,0
DA:27,0
DA:28,0
DA:29,1
DA:30,1
DA:31,0
DA:32,0
DA:33,1
DA:34,1
DA:35,1
DA:36,1
DA:37,1
DA:38,1
DA:39,1
DA:40,0
DA:41,0
DA:42,0
DA:43,1
LF:43
LH:35
BRDA:9,0,0,1
BRDA:25,1,0,0
BRDA:30,2,0,0
BRDA:39,3,0,0
BRF:4
BRH:1
end_of_record
